<?xml version="1.0" encoding="UTF-8"?>
<testsuite name="edu.duke.ece651.client.ClientTest" tests="1" skipped="0" failures="0" errors="0" timestamp="2022-03-17T03:44:12" hostname="Yuxuans-MacBook-Pro.local" time="0.001">
  <properties/>
  <testcase name="initPlayerTEST()" classname="edu.duke.ece651.client.ClientTest" time="0.001"/>
  <system-out><![CDATA[]]></system-out>
  <system-err><![CDATA[]]></system-err>
</testsuite>
