<?xml version="1.0" encoding="UTF-8"?>
<testsuite name="edu.duke.ece651.client.PlayerTest" tests="5" skipped="0" failures="0" errors="0" timestamp="2022-03-17T03:44:12" hostname="Yuxuans-MacBook-Pro.local" time="0.016">
  <properties/>
  <testcase name="constructorTest()" classname="edu.duke.ece651.client.PlayerTest" time="0.001"/>
  <testcase name="playerDoDeployTest()" classname="edu.duke.ece651.client.PlayerTest" time="0.01"/>
  <testcase name="playOneRoundTEST()" classname="edu.duke.ece651.client.PlayerTest" time="0.0"/>
  <testcase name="multiPlayersTest()" classname="edu.duke.ece651.client.PlayerTest" time="0.001"/>
  <testcase name="testDeploy()" classname="edu.duke.ece651.client.PlayerTest" time="0.002"/>
  <system-out><![CDATA[--------------------------------------------------------------------
Level 1, 9
______________________________________________________
DO DEPLOY, to: a1
Level: 1 Nums: 3
______________________________________________________
______________________________________________________
DO DEPLOY, to: a2
Level: 1 Nums: 3
______________________________________________________
______________________________________________________
DO DEPLOY, to: a3
Level: 1 Nums: 3
______________________________________________________
Player 1: you have 9 level-1 units
You can deploy them in your 3 territories
Player 1, how many number of level-1 units do you want to deploy in territory a1?
you have deployed 3 level-1 units to Territory a1!
Player 1, how many number of level-1 units do you want to deploy in territory a2?
you have deployed 3 level-1 units to Territory a2!
Player 1, how many number of level-1 units do you want to deploy in territory a3?
you have deployed 3 level-1 units to Territory a3!

a1, {1=3}
a2, {1=3}
a3, {1=3}
--------------------------------------------------------------------
Level 1, 9
______________________________________________________
DO DEPLOY, to: a1
Level: 1 Nums: 3
______________________________________________________
______________________________________________________
DO DEPLOY, to: a2
Level: 1 Nums: 1
______________________________________________________
______________________________________________________
DO DEPLOY, to: a3
Level: 1 Nums: 1
______________________________________________________
______________________________________________________
DO DEPLOY, to: a1
Level: 1 Nums: 4
______________________________________________________
Player 1: you have 9 level-1 units
You can deploy them in your 3 territories
Player 1, how many number of level-1 units do you want to deploy in territory a1?
you have deployed 3 level-1 units to Territory a1!
Player 1, how many number of level-1 units do you want to deploy in territory a2?
you have deployed 1 level-1 units to Territory a2!
Player 1, how many number of level-1 units do you want to deploy in territory a3?
you have deployed 1 level-1 units to Territory a3!
Player 1, how many number of level-1 units do you want to deploy in territory a1?
you have deployed 4 level-1 units to Territory a1!

a1, {1=3}
a2, {1=1}
a3, {1=1}
a1, {1=4}
--------------------------------------------------------------------
Level 1, 9
______________________________________________________
DO DEPLOY, to: a1
Level: 1 Nums: 3
______________________________________________________
______________________________________________________
DO DEPLOY, to: a2
Level: 1 Nums: 6
______________________________________________________
Player 1: you have 9 level-1 units
You can deploy them in your 3 territories
Player 1, how many number of level-1 units do you want to deploy in territory a1?
you have deployed 3 level-1 units to Territory a1!
Player 1, how many number of level-1 units do you want to deploy in territory a2?
you have deployed 6 level-1 units to Territory a2!

a1, {1=3}
a2, {1=6}
--------------------------------------------------------------------
Level 1, 9
______________________________________________________
DO DEPLOY, to: a1
Level: 1 Nums: 3
______________________________________________________
______________________________________________________
DO DEPLOY, to: a2
Level: 1 Nums: 4
______________________________________________________
Deployment Error: deployed unit number cannot exceed initial deployment number
______________________________________________________
DO DEPLOY, to: a1
Level: 1 Nums: 2
______________________________________________________
Player 1: you have 9 level-1 units
You can deploy them in your 3 territories
Player 1, how many number of level-1 units do you want to deploy in territory a1?
you have deployed 3 level-1 units to Territory a1!
Player 1, how many number of level-1 units do you want to deploy in territory a2?
you have deployed 4 level-1 units to Territory a2!
Player 1, how many number of level-1 units do you want to deploy in territory a3?
Number of level 1 units cannot exceed the maximum number of that unit in territory a3
Player 1, how many number of level-1 units do you want to deploy in territory a1?
you have deployed 2 level-1 units to Territory a1!

a1, {1=3}
a2, {1=4}
a1, {1=2}
key: a1 value: edu.duke.ece651.shared.Territory@4722ef0c
key: a2 value: edu.duke.ece651.shared.Territory@48e1f6c7
key: a3 value: edu.duke.ece651.shared.Territory@55cb6996
key: b2 value: edu.duke.ece651.shared.Territory@1807e3f6
key: b3 value: edu.duke.ece651.shared.Territory@480d3575
key: b1 value: edu.duke.ece651.shared.Territory@f1da57d
key: c3 value: edu.duke.ece651.shared.Territory@194fad1
key: c1 value: edu.duke.ece651.shared.Territory@26abb146
key: c2 value: edu.duke.ece651.shared.Territory@72c8e7b
______________________________________________________
DO DEPLOY, to: a1
Level: 1 Nums: 9
______________________________________________________
Deployment Error: deployed unit number cannot exceed initial deployment number
______________________________________________________
DO DEPLOY, to: a1
Level: 1 Nums: 3
______________________________________________________
______________________________________________________
]]></system-out>
  <system-err><![CDATA[]]></system-err>
</testsuite>
