<?xml version="1.0" encoding="UTF-8"?>
<testsuite name="edu.duke.ece651.shared.LibraryTest" tests="1" skipped="0" failures="0" errors="0" timestamp="2022-02-27T09:22:51" hostname="xueyi" time="0.016">
  <properties/>
  <testcase name="someLibraryMethodReturnsTrue()" classname="edu.duke.ece651.shared.LibraryTest" time="0.016"/>
  <system-out><![CDATA[]]></system-out>
  <system-err><![CDATA[]]></system-err>
</testsuite>
