<?xml version="1.0" encoding="UTF-8"?>
<testsuite name="edu.duke.ece651.shared.MapTest" tests="4" skipped="0" failures="0" errors="0" timestamp="2022-03-17T03:45:50" hostname="Yuxuans-MacBook-Pro.local" time="0.011">
  <properties/>
  <testcase name="testDisplayMap()" classname="edu.duke.ece651.shared.MapTest" time="0.006"/>
  <testcase name="testIsPathExist()" classname="edu.duke.ece651.shared.MapTest" time="0.002"/>
  <testcase name="testShowNeighbours_TEST()" classname="edu.duke.ece651.shared.MapTest" time="0.001"/>
  <testcase name="testIsAdjacent()" classname="edu.duke.ece651.shared.MapTest" time="0.001"/>
  <system-out><![CDATA[player 0:
--------------
a1 :(next to  a3  a2  b1)
level 1: 1 units
a2 :(next to  a3  a1  c1)
a3 :(next to  a1  a2)

player 1:
--------------
b2 :(next to  b3  b1  c2)
b3 :(next to  b1  b2)
b1 :(next to  b3  b2  a1)

player 2:
--------------
c3 :(next to  c1  c2)
c1 :(next to  c3  c2  a2)
c2 :(next to  c3  c1  b2)

territory[e1]: a2 e3 
territory[d1]: c1 d3 
territory[e2]: d2 e3 
territory[c1]: d1 c3 
territory[d2]: e2 d3 
territory[e3]: e1 e2 
territory[b1]: a1 b3 
territory[c2]: b2 c3 
territory[d3]: d1 d2 
territory[a1]: b1 a3 
territory[b2]: c2 b3 
territory[c3]: c1 c2 
territory[a2]: e1 a3 
territory[b3]: b1 b2 
territory[a3]: a1 a2 
show groups:
a1 a2 a3 
b1 b2 b3 
c1 c2 c3 
d1 d2 d3 
e1 e2 e3 
]]></system-out>
  <system-err><![CDATA[]]></system-err>
</testsuite>
