<?xml version="1.0" encoding="UTF-8"?>
<testsuite name="edu.duke.ece651.shared.TerritoryTest" tests="2" skipped="0" failures="0" errors="0" timestamp="2022-03-17T03:28:43" hostname="Yuxuans-MacBook-Pro.local" time="0.002">
  <properties/>
  <testcase name="testGetName()" classname="edu.duke.ece651.shared.TerritoryTest" time="0.0"/>
  <testcase name="test()" classname="edu.duke.ece651.shared.TerritoryTest" time="0.002"/>
  <system-out><![CDATA[1 -1
2 -1
3 -1
1 1
2 2
3 3
]]></system-out>
  <system-err><![CDATA[]]></system-err>
</testsuite>
