<?xml version="1.0" encoding="UTF-8"?>
<testsuite name="edu.duke.ece651.shared.ClientJSONParserTest" tests="2" skipped="0" failures="0" errors="0" timestamp="2022-03-17T03:28:43" hostname="Yuxuans-MacBook-Pro.local" time="0.022">
  <properties/>
  <testcase name="test_doDeploy()" classname="edu.duke.ece651.shared.ClientJSONParserTest" time="0.02"/>
  <testcase name="test_doOrders()" classname="edu.duke.ece651.shared.ClientJSONParserTest" time="0.001"/>
  <system-out><![CDATA[]]></system-out>
  <system-err><![CDATA[]]></system-err>
</testsuite>
