<?xml version="1.0" encoding="UTF-8"?>
<testsuite name="edu.duke.ece651.shared.ClientJSONTest" tests="1" skipped="0" failures="0" errors="0" timestamp="2022-03-17T03:45:50" hostname="Yuxuans-MacBook-Pro.local" time="0.0">
  <properties/>
  <testcase name="convertTo()" classname="edu.duke.ece651.shared.ClientJSONTest" time="0.0"/>
  <system-out><![CDATA[]]></system-out>
  <system-err><![CDATA[]]></system-err>
</testsuite>
